<?xml version="1.0" encoding="UTF-8" ?>
<testsuite tests="18" failures="0" name="com.smartfocus.TestRunner" time="0.14" errors="2" skipped="3">
  <properties>
    <property name="java.runtime.name" value="Java(TM) SE Runtime Environment"/>
    <property name="sun.boot.library.path" value="C:\Program Files\Java\jdk1.8.0\jre\bin"/>
    <property name="java.vm.version" value="25.0-b70"/>
    <property name="java.vm.vendor" value="Oracle Corporation"/>
    <property name="java.vendor.url" value="http://java.oracle.com/"/>
    <property name="path.separator" value=";"/>
    <property name="guice.disable.misplaced.annotation.check" value="true"/>
    <property name="java.vm.name" value="Java HotSpot(TM) 64-Bit Server VM"/>
    <property name="file.encoding.pkg" value="sun.io"/>
    <property name="user.script" value=""/>
    <property name="user.country" value="GB"/>
    <property name="sun.java.launcher" value="SUN_STANDARD"/>
    <property name="sun.os.patch.level" value=""/>
    <property name="java.vm.specification.name" value="Java Virtual Machine Specification"/>
    <property name="user.dir" value="C:\smartest"/>
    <property name="java.runtime.version" value="1.8.0-b132"/>
    <property name="java.awt.graphicsenv" value="sun.awt.Win32GraphicsEnvironment"/>
    <property name="java.endorsed.dirs" value="C:\Program Files\Java\jdk1.8.0\jre\lib\endorsed"/>
    <property name="os.arch" value="amd64"/>
    <property name="java.io.tmpdir" value="C:\Users\Boothi\AppData\Local\Temp\"/>
    <property name="line.separator" value="
"/>
    <property name="java.vm.specification.vendor" value="Oracle Corporation"/>
    <property name="user.variant" value=""/>
    <property name="os.name" value="Windows 8.1"/>
    <property name="classworlds.conf" value="C:\Program Files\apache-maven-3.2.2\bin\m2.conf"/>
    <property name="sun.jnu.encoding" value="Cp1252"/>
    <property name="java.library.path" value="C:\Program Files\Java\jdk1.8.0\bin;C:\WINDOWS\Sun\Java\bin;C:\WINDOWS\system32;C:\WINDOWS;C:\RailsInstaller\Git\cmd;C:\RailsInstaller\Ruby2.1.0\bin;C:\ProgramData\Oracle\Java\javapath;C:\MinGW\bin;C:\MinGW\libexec\gcc\x86_64-pc-mingw32\4.9.0;C:\Program Files\Broadcom\Broadcom 802.11 Network Adapter\Driver;;C:\Program Files (x86)\Intel\iCLS Client\;C:\Program Files\Intel\iCLS Client\;C:\WINDOWS\system32;C:\WINDOWS;C:\WINDOWS\System32\Wbem;C:\WINDOWS\System32\WindowsPowerShell\v1.0\;C:\Program Files\Intel\Intel(R) Management Engine Components\DAL;C:\Program Files\Intel\Intel(R) Management Engine Components\IPT;C:\Program Files (x86)\Intel\Intel(R) Management Engine Components\DAL;C:\Program Files (x86)\Intel\Intel(R) Management Engine Components\IPT;C:\Program Files (x86)\Intel\OpenCL SDK\2.0\bin\x86;C:\Program Files (x86)\Intel\OpenCL SDK\2.0\bin\x64;C:\Program Files\Lenovo\Bluetooth Software\;C:\Program Files\Lenovo\Bluetooth Software\syswow64;C:\Program Files\Samsung\AllShare Framework DMS\1.3.21\;C:\Program Files\Samsung\AllShare Framework DMS\1.3.21\64bit\;%JAVA_HOME%\bin;%M2%;C:\Program Files (x86)\QuickTime\QTSystem\;C:\Program Files\apache-maven-3.2.2\bin;C:\Program Files\Java\jdk1.8.0\bin;."/>
    <property name="java.specification.name" value="Java Platform API Specification"/>
    <property name="java.class.version" value="52.0"/>
    <property name="sun.management.compiler" value="HotSpot 64-Bit Tiered Compilers"/>
    <property name="os.version" value="6.3"/>
    <property name="user.home" value="C:\Users\Boothi"/>
    <property name="user.timezone" value="Europe/London"/>
    <property name="java.awt.printerjob" value="sun.awt.windows.WPrinterJob"/>
    <property name="java.specification.version" value="1.8"/>
    <property name="file.encoding" value="Cp1252"/>
    <property name="user.name" value="bothees"/>
    <property name="java.class.path" value="C:\Program Files\apache-maven-3.2.2\boot\plexus-classworlds-2.5.1.jar"/>
    <property name="org.slf4j.simpleLogger.defaultLogLevel" value="info"/>
    <property name="java.vm.specification.version" value="1.8"/>
    <property name="sun.arch.data.model" value="64"/>
    <property name="java.home" value="C:\Program Files\Java\jdk1.8.0\jre"/>
    <property name="sun.java.command" value="org.codehaus.plexus.classworlds.launcher.Launcher clean integration-test"/>
    <property name="java.specification.vendor" value="Oracle Corporation"/>
    <property name="user.language" value="en"/>
    <property name="awt.toolkit" value="sun.awt.windows.WToolkit"/>
    <property name="java.vm.info" value="mixed mode"/>
    <property name="java.version" value="1.8.0"/>
    <property name="java.ext.dirs" value="C:\Program Files\Java\jdk1.8.0\jre\lib\ext;C:\WINDOWS\Sun\Java\lib\ext"/>
    <property name="sun.boot.class.path" value="C:\Program Files\Java\jdk1.8.0\jre\lib\resources.jar;C:\Program Files\Java\jdk1.8.0\jre\lib\rt.jar;C:\Program Files\Java\jdk1.8.0\jre\lib\sunrsasign.jar;C:\Program Files\Java\jdk1.8.0\jre\lib\jsse.jar;C:\Program Files\Java\jdk1.8.0\jre\lib\jce.jar;C:\Program Files\Java\jdk1.8.0\jre\lib\charsets.jar;C:\Program Files\Java\jdk1.8.0\jre\lib\jfr.jar;C:\Program Files\Java\jdk1.8.0\jre\classes"/>
    <property name="sun.stderr.encoding" value="cp437"/>
    <property name="java.vendor" value="Oracle Corporation"/>
    <property name="maven.home" value="C:\Program Files\apache-maven-3.2.2"/>
    <property name="file.separator" value="\"/>
    <property name="java.vendor.url.bug" value="http://bugreport.sun.com/bugreport/"/>
    <property name="sun.cpu.endian" value="little"/>
    <property name="sun.io.unicode.encoding" value="UnicodeLittle"/>
    <property name="sun.stdout.encoding" value="cp437"/>
    <property name="sun.desktop" value="windows"/>
    <property name="sun.cpu.isalist" value="amd64"/>
  </properties>
  <testcase classname="Scenario: Adding new location showing modal" name="Given I am on the smartfocus site page" time="0.015">
    <error message="Unable to locate element: {&quot;method&quot;:&quot;xpath&quot;,&quot;selector&quot;:&quot;.//*[@id=&apos;site-wrapper&apos;]/div/div[1]/div[2]/div/div[2]/div[3]/div[1]/div/div/div/div/div/span[3]/span/span[1]&quot;}
Command duration or timeout: 78 milliseconds
For documentation on this error, please visit: http://seleniumhq.org/exceptions/no_such_element.html
Build info: version: &apos;2.46.0&apos;, revision: &apos;61506a4624b13675f24581e453592342b7485d71&apos;, time: &apos;2015-06-04 10:22:50&apos;
System info: host: &apos;Iniya&apos;, ip: &apos;172.20.10.3&apos;, os.name: &apos;Windows 8.1&apos;, os.arch: &apos;amd64&apos;, os.version: &apos;6.3&apos;, java.version: &apos;1.8.0&apos;
Driver info: org.openqa.selenium.firefox.FirefoxDriver
Capabilities [{applicationCacheEnabled=true, rotatable=false, handlesAlerts=true, databaseEnabled=true, version=38.0.5, platform=WINDOWS, nativeEvents=false, acceptSslCerts=true, webStorageEnabled=true, locationContextEnabled=true, browserName=firefox, takesScreenshot=true, javascriptEnabled=true, cssSelectorsEnabled=true}]
Session ID: b09ce142-e28d-4687-9d61-b85d08b557d5
*** Element info: {Using=xpath, value=.//*[@id=&apos;site-wrapper&apos;]/div/div[1]/div[2]/div/div[2]/div[3]/div[1]/div/div/div/div/div/span[3]/span/span[1]}" type="org.openqa.selenium.NoSuchElementException">org.openqa.selenium.NoSuchElementException: Unable to locate element: {&quot;method&quot;:&quot;xpath&quot;,&quot;selector&quot;:&quot;.//*[@id=&apos;site-wrapper&apos;]/div/div[1]/div[2]/div/div[2]/div[3]/div[1]/div/div/div/div/div/span[3]/span/span[1]&quot;}
Command duration or timeout: 78 milliseconds
For documentation on this error, please visit: http://seleniumhq.org/exceptions/no_such_element.html
Build info: version: &apos;2.46.0&apos;, revision: &apos;61506a4624b13675f24581e453592342b7485d71&apos;, time: &apos;2015-06-04 10:22:50&apos;
System info: host: &apos;Iniya&apos;, ip: &apos;172.20.10.3&apos;, os.name: &apos;Windows 8.1&apos;, os.arch: &apos;amd64&apos;, os.version: &apos;6.3&apos;, java.version: &apos;1.8.0&apos;
Driver info: org.openqa.selenium.firefox.FirefoxDriver
Capabilities [{applicationCacheEnabled=true, rotatable=false, handlesAlerts=true, databaseEnabled=true, version=38.0.5, platform=WINDOWS, nativeEvents=false, acceptSslCerts=true, webStorageEnabled=true, locationContextEnabled=true, browserName=firefox, takesScreenshot=true, javascriptEnabled=true, cssSelectorsEnabled=true}]
Session ID: b09ce142-e28d-4687-9d61-b85d08b557d5
*** Element info: {Using=xpath, value=.//*[@id=&apos;site-wrapper&apos;]/div/div[1]/div[2]/div/div[2]/div[3]/div[1]/div/div/div/div/div/span[3]/span/span[1]}
	at sun.reflect.NativeConstructorAccessorImpl.newInstance0(Native Method)
	at sun.reflect.NativeConstructorAccessorImpl.newInstance(NativeConstructorAccessorImpl.java:62)
	at sun.reflect.DelegatingConstructorAccessorImpl.newInstance(DelegatingConstructorAccessorImpl.java:45)
	at java.lang.reflect.Constructor.newInstance(Constructor.java:408)
	at org.openqa.selenium.remote.ErrorHandler.createThrowable(ErrorHandler.java:204)
	at org.openqa.selenium.remote.ErrorHandler.throwIfResponseFailed(ErrorHandler.java:156)
	at org.openqa.selenium.remote.RemoteWebDriver.execute(RemoteWebDriver.java:605)
	at org.openqa.selenium.remote.RemoteWebDriver.findElement(RemoteWebDriver.java:358)
	at org.openqa.selenium.remote.RemoteWebDriver.findElementByXPath(RemoteWebDriver.java:455)
	at org.openqa.selenium.By$ByXPath.findElement(By.java:358)
	at org.openqa.selenium.remote.RemoteWebDriver.findElement(RemoteWebDriver.java:350)
	at com.smartfocus.pageobjects.LocationPage.opencontents(LocationPage.java:199)
	at com.smartfocus.stepdefs.LocationStepDef.i_am_on_the_smartfocus_site_page(LocationStepDef.java:18)
	at ✽.Given I am on the smartfocus site page(location.feature:8)
Caused by: org.openqa.selenium.NoSuchElementException: Unable to locate element: {&quot;method&quot;:&quot;xpath&quot;,&quot;selector&quot;:&quot;.//*[@id=&apos;site-wrapper&apos;]/div/div[1]/div[2]/div/div[2]/div[3]/div[1]/div/div/div/div/div/span[3]/span/span[1]&quot;}
For documentation on this error, please visit: http://seleniumhq.org/exceptions/no_such_element.html
Build info: version: &apos;2.46.0&apos;, revision: &apos;61506a4624b13675f24581e453592342b7485d71&apos;, time: &apos;2015-06-04 10:22:50&apos;
System info: host: &apos;Iniya&apos;, ip: &apos;172.20.10.3&apos;, os.name: &apos;Windows 8.1&apos;, os.arch: &apos;amd64&apos;, os.version: &apos;6.3&apos;, java.version: &apos;1.8.0&apos;
Driver info: driver.version: unknown
	at &lt;anonymous class&gt;.FirefoxDriver.prototype.findElementInternal_(file:///C:/Users/Boothi/AppData/Local/Temp/anonymous6612213499505783381webdriver-profile/extensions/fxdriver@googlecode.com/components/driver-component.js:10299)
	at &lt;anonymous class&gt;.FirefoxDriver.prototype.findElement(file:///C:/Users/Boothi/AppData/Local/Temp/anonymous6612213499505783381webdriver-profile/extensions/fxdriver@googlecode.com/components/driver-component.js:10308)
	at &lt;anonymous class&gt;.DelayedCommand.prototype.executeInternal_/h(file:///C:/Users/Boothi/AppData/Local/Temp/anonymous6612213499505783381webdriver-profile/extensions/fxdriver@googlecode.com/components/command-processor.js:12282)
	at &lt;anonymous class&gt;.DelayedCommand.prototype.executeInternal_(file:///C:/Users/Boothi/AppData/Local/Temp/anonymous6612213499505783381webdriver-profile/extensions/fxdriver@googlecode.com/components/command-processor.js:12287)
	at &lt;anonymous class&gt;.DelayedCommand.prototype.execute/&lt;(file:///C:/Users/Boothi/AppData/Local/Temp/anonymous6612213499505783381webdriver-profile/extensions/fxdriver@googlecode.com/components/command-processor.js:12229)
</error>
    <system-out>@addnewlocation
Feature: Adding New location
  As a user
  I should be able to add a new location
  so that the screen navigates to the new location
</system-out>
  </testcase>
  <testcase classname="Scenario: Adding new location showing modal" name="Scenario: Adding new location showing modal" time="0.031">
    <error message="Unable to locate element: {&quot;method&quot;:&quot;xpath&quot;,&quot;selector&quot;:&quot;.//*[@id=&apos;site-wrapper&apos;]/div/div[1]/div[2]/div/div[2]/div[3]/div[1]/div/div/div/div/div/span[3]/span/span[1]&quot;}
Command duration or timeout: 78 milliseconds
For documentation on this error, please visit: http://seleniumhq.org/exceptions/no_such_element.html
Build info: version: &apos;2.46.0&apos;, revision: &apos;61506a4624b13675f24581e453592342b7485d71&apos;, time: &apos;2015-06-04 10:22:50&apos;
System info: host: &apos;Iniya&apos;, ip: &apos;172.20.10.3&apos;, os.name: &apos;Windows 8.1&apos;, os.arch: &apos;amd64&apos;, os.version: &apos;6.3&apos;, java.version: &apos;1.8.0&apos;
Driver info: org.openqa.selenium.firefox.FirefoxDriver
Capabilities [{applicationCacheEnabled=true, rotatable=false, handlesAlerts=true, databaseEnabled=true, version=38.0.5, platform=WINDOWS, nativeEvents=false, acceptSslCerts=true, webStorageEnabled=true, locationContextEnabled=true, browserName=firefox, takesScreenshot=true, javascriptEnabled=true, cssSelectorsEnabled=true}]
Session ID: b09ce142-e28d-4687-9d61-b85d08b557d5
*** Element info: {Using=xpath, value=.//*[@id=&apos;site-wrapper&apos;]/div/div[1]/div[2]/div/div[2]/div[3]/div[1]/div/div/div/div/div/span[3]/span/span[1]}" type="org.openqa.selenium.NoSuchElementException">org.openqa.selenium.NoSuchElementException: Unable to locate element: {&quot;method&quot;:&quot;xpath&quot;,&quot;selector&quot;:&quot;.//*[@id=&apos;site-wrapper&apos;]/div/div[1]/div[2]/div/div[2]/div[3]/div[1]/div/div/div/div/div/span[3]/span/span[1]&quot;}
Command duration or timeout: 78 milliseconds
For documentation on this error, please visit: http://seleniumhq.org/exceptions/no_such_element.html
Build info: version: &apos;2.46.0&apos;, revision: &apos;61506a4624b13675f24581e453592342b7485d71&apos;, time: &apos;2015-06-04 10:22:50&apos;
System info: host: &apos;Iniya&apos;, ip: &apos;172.20.10.3&apos;, os.name: &apos;Windows 8.1&apos;, os.arch: &apos;amd64&apos;, os.version: &apos;6.3&apos;, java.version: &apos;1.8.0&apos;
Driver info: org.openqa.selenium.firefox.FirefoxDriver
Capabilities [{applicationCacheEnabled=true, rotatable=false, handlesAlerts=true, databaseEnabled=true, version=38.0.5, platform=WINDOWS, nativeEvents=false, acceptSslCerts=true, webStorageEnabled=true, locationContextEnabled=true, browserName=firefox, takesScreenshot=true, javascriptEnabled=true, cssSelectorsEnabled=true}]
Session ID: b09ce142-e28d-4687-9d61-b85d08b557d5
*** Element info: {Using=xpath, value=.//*[@id=&apos;site-wrapper&apos;]/div/div[1]/div[2]/div/div[2]/div[3]/div[1]/div/div/div/div/div/span[3]/span/span[1]}
	at sun.reflect.NativeConstructorAccessorImpl.newInstance0(Native Method)
	at sun.reflect.NativeConstructorAccessorImpl.newInstance(NativeConstructorAccessorImpl.java:62)
	at sun.reflect.DelegatingConstructorAccessorImpl.newInstance(DelegatingConstructorAccessorImpl.java:45)
	at java.lang.reflect.Constructor.newInstance(Constructor.java:408)
	at org.openqa.selenium.remote.ErrorHandler.createThrowable(ErrorHandler.java:204)
	at org.openqa.selenium.remote.ErrorHandler.throwIfResponseFailed(ErrorHandler.java:156)
	at org.openqa.selenium.remote.RemoteWebDriver.execute(RemoteWebDriver.java:605)
	at org.openqa.selenium.remote.RemoteWebDriver.findElement(RemoteWebDriver.java:358)
	at org.openqa.selenium.remote.RemoteWebDriver.findElementByXPath(RemoteWebDriver.java:455)
	at org.openqa.selenium.By$ByXPath.findElement(By.java:358)
	at org.openqa.selenium.remote.RemoteWebDriver.findElement(RemoteWebDriver.java:350)
	at com.smartfocus.pageobjects.LocationPage.opencontents(LocationPage.java:199)
	at com.smartfocus.stepdefs.LocationStepDef.i_am_on_the_smartfocus_site_page(LocationStepDef.java:18)
	at ✽.Given I am on the smartfocus site page(location.feature:8)
Caused by: org.openqa.selenium.NoSuchElementException: Unable to locate element: {&quot;method&quot;:&quot;xpath&quot;,&quot;selector&quot;:&quot;.//*[@id=&apos;site-wrapper&apos;]/div/div[1]/div[2]/div/div[2]/div[3]/div[1]/div/div/div/div/div/span[3]/span/span[1]&quot;}
For documentation on this error, please visit: http://seleniumhq.org/exceptions/no_such_element.html
Build info: version: &apos;2.46.0&apos;, revision: &apos;61506a4624b13675f24581e453592342b7485d71&apos;, time: &apos;2015-06-04 10:22:50&apos;
System info: host: &apos;Iniya&apos;, ip: &apos;172.20.10.3&apos;, os.name: &apos;Windows 8.1&apos;, os.arch: &apos;amd64&apos;, os.version: &apos;6.3&apos;, java.version: &apos;1.8.0&apos;
Driver info: driver.version: unknown
	at &lt;anonymous class&gt;.FirefoxDriver.prototype.findElementInternal_(file:///C:/Users/Boothi/AppData/Local/Temp/anonymous6612213499505783381webdriver-profile/extensions/fxdriver@googlecode.com/components/driver-component.js:10299)
	at &lt;anonymous class&gt;.FirefoxDriver.prototype.findElement(file:///C:/Users/Boothi/AppData/Local/Temp/anonymous6612213499505783381webdriver-profile/extensions/fxdriver@googlecode.com/components/driver-component.js:10308)
	at &lt;anonymous class&gt;.DelayedCommand.prototype.executeInternal_/h(file:///C:/Users/Boothi/AppData/Local/Temp/anonymous6612213499505783381webdriver-profile/extensions/fxdriver@googlecode.com/components/command-processor.js:12282)
	at &lt;anonymous class&gt;.DelayedCommand.prototype.executeInternal_(file:///C:/Users/Boothi/AppData/Local/Temp/anonymous6612213499505783381webdriver-profile/extensions/fxdriver@googlecode.com/components/command-processor.js:12287)
	at &lt;anonymous class&gt;.DelayedCommand.prototype.execute/&lt;(file:///C:/Users/Boothi/AppData/Local/Temp/anonymous6612213499505783381webdriver-profile/extensions/fxdriver@googlecode.com/components/command-processor.js:12229)
</error>
  </testcase>
  <testcase classname="Scenario: Adding new location showing modal" name="When I click on New menu" time="0.031">
    <skipped/>
  </testcase>
  <testcase classname="Scenario: Adding new location showing modal" name="And I click on location menu item" time="0.031">
    <skipped/>
  </testcase>
  <testcase classname="Scenario: Adding new location showing modal" name="Then I should see the New location modal" time="0.031">
    <skipped/>
  </testcase>
  <testcase classname="| Automation Test-High road | 90 | Ilford High street | IG1 1YT | 10 | 20 | 51.5623078 | 0.07643529999995735 |" name="Given I am adding new location" time="0"/>
  <testcase classname="| Automation Test-High road | 90 | Ilford High street | IG1 1YT | 10 | 20 | 51.5623078 | 0.07643529999995735 |" name="When I enter Name as Automation Test-High road" time="0"/>
  <testcase classname="| Automation Test-High road | 90 | Ilford High street | IG1 1YT | 10 | 20 | 51.5623078 | 0.07643529999995735 |" name="And I enter Major as90" time="0"/>
  <testcase classname="| Automation Test-High road | 90 | Ilford High street | IG1 1YT | 10 | 20 | 51.5623078 | 0.07643529999995735 |" name="And I enter Description asIlford High street" time="0"/>
  <testcase classname="| Automation Test-High road | 90 | Ilford High street | IG1 1YT | 10 | 20 | 51.5623078 | 0.07643529999995735 |" name="When I enter postcode as IG1 1YT" time="0"/>
  <testcase classname="| Automation Test-High road | 90 | Ilford High street | IG1 1YT | 10 | 20 | 51.5623078 | 0.07643529999995735 |" name="And I select correct address from drop down list" time="0"/>
  <testcase classname="| Automation Test-High road | 90 | Ilford High street | IG1 1YT | 10 | 20 | 51.5623078 | 0.07643529999995735 |" name="And latitude and longitude should be populated as 51.5623078 and 0.07643529999995735" time="0"/>
  <testcase classname="| Automation Test-High road | 90 | Ilford High street | IG1 1YT | 10 | 20 | 51.5623078 | 0.07643529999995735 |" name="And I enter radius as 10" time="0"/>
  <testcase classname="| Automation Test-High road | 90 | Ilford High street | IG1 1YT | 10 | 20 | 51.5623078 | 0.07643529999995735 |" name="And I enter catchment area as 20" time="0"/>
  <testcase classname="| Automation Test-High road | 90 | Ilford High street | IG1 1YT | 10 | 20 | 51.5623078 | 0.07643529999995735 |" name="And I click on create button" time="0"/>
  <testcase classname="| Automation Test-High road | 90 | Ilford High street | IG1 1YT | 10 | 20 | 51.5623078 | 0.07643529999995735 |" name="Then New location should be created as Automation Test-High road" time="0"/>
  <testcase classname="| Automation Test-High road | 90 | Ilford High street | IG1 1YT | 10 | 20 | 51.5623078 | 0.07643529999995735 |" name="And screen should be navigated to new location on 51.5623078 and 0.07643529999995735" time="0"/>
  <testcase classname="| Automation Test-High road | 90 | Ilford High street | IG1 1YT | 10 | 20 | 51.5623078 | 0.07643529999995735 |" name="| Automation Test-High road | 90 | Ilford High street | IG1 1YT | 10 | 20 | 51.5623078 | 0.07643529999995735 |" time="0.001"/>
</testsuite>