<?xml version="1.0" encoding="UTF-8" ?>
<testsuite tests="18" failures="0" name="com.smartfocus.TestRunner" time="0.14" errors="2" skipped="3">
  <properties>
[...]
</properties>
  <testcase classname="Scenario: Adding new location showing modal" name="Given I am on the smartfocus site page" time="0.015">
    <error message="Unable to locate element: {&quot;method&quot;:&quot;xpath&quot;,&quot;selector&quot;:&quot;.//*[@id=&apos;site-wrapper&apos;]/div/div[1]/div[2]/div/div[2]/div[3]/div[1]/div/div/div/div/div/span[3]/span/span[1]&quot;}
Command duration or timeout: 78 milliseconds
For documentation on this error, please visit: http://seleniumhq.org/exceptions/no_such_element.html
Build info: version: &apos;2.46.0&apos;, revision: &apos;61506a4624b13675f24581e453592342b7485d71&apos;, time: &apos;2015-06-04 10:22:50&apos;
System info: host: &apos;Iniya&apos;, ip: &apos;172.20.10.3&apos;, os.name: &apos;Windows 8.1&apos;, os.arch: &apos;amd64&apos;, os.version: &apos;6.3&apos;, java.version: &apos;1.8.0&apos;
Driver info: org.openqa.selenium.firefox.FirefoxDriver
Capabilities [{applicationCacheEnabled=true, rotatable=false, handlesAlerts=true, databaseEnabled=true, version=38.0.5, platform=WINDOWS, nativeEvents=false, acceptSslCerts=true, webStorageEnabled=true, locationContextEnabled=true, browserName=firefox, takesScreenshot=true, javascriptEnabled=true, cssSelectorsEnabled=true}]
Session ID: b09ce142-e28d-4687-9d61-b85d08b557d5
*** Element info: {Using=xpath, value=.//*[@id=&apos;site-wrapper&apos;]/div/div[1]/div[2]/div/div[2]/div[3]/div[1]/div/div/div/div/div/span[3]/span/span[1]}" type="org.openqa.selenium.NoSuchElementException">org.openqa.selenium.NoSuchElementException: Unable to locate element: {&quot;method&quot;:&quot;xpath&quot;,&quot;selector&quot;:&quot;.//*[@id=&apos;site-wrapper&apos;]/div/div[1]/div[2]/div/div[2]/div[3]/div[1]/div/div/div/div/div/span[3]/span/span[1]&quot;}
Command duration or timeout: 78 milliseconds
For documentation on this error, please visit: http://seleniumhq.org/exceptions/no_such_element.html
Build info: version: &apos;2.46.0&apos;, revision: &apos;61506a4624b13675f24581e453592342b7485d71&apos;, time: &apos;2015-06-04 10:22:50&apos;
System info: host: &apos;Iniya&apos;, ip: &apos;172.20.10.3&apos;, os.name: &apos;Windows 8.1&apos;, os.arch: &apos;amd64&apos;, os.version: &apos;6.3&apos;, java.version: &apos;1.8.0&apos;
Driver info: org.openqa.selenium.firefox.FirefoxDriver
Capabilities [{applicationCacheEnabled=true, rotatable=false, handlesAlerts=true, databaseEnabled=true, version=38.0.5, platform=WINDOWS, nativeEvents=false, acceptSslCerts=true, webStorageEnabled=true, locationContextEnabled=true, browserName=firefox, takesScreenshot=true, javascriptEnabled=true, cssSelectorsEnabled=true}]
Session ID: b09ce142-e28d-4687-9d61-b85d08b557d5
*** Element info: {Using=xpath, value=.//*[@id=&apos;site-wrapper&apos;]/div/div[1]/div[2]/div/div[2]/div[3]/div[1]/div/div/div/div/div/span[3]/span/span[1]}
	at sun.reflect.NativeConstructorAccessorImpl.newInstance0(Native Method)
	at sun.reflect.NativeConstructorAccessorImpl.newInstance(NativeConstructorAccessorImpl.java:62)
	at sun.reflect.DelegatingConstructorAccessorImpl.newInstance(DelegatingConstructorAccessorImpl.java:45)
	at java.lang.reflect.Constructor.newInstance(Constructor.java:408)
	at org.openqa.selenium.remote.ErrorHandler.createThrowable(ErrorHandler.java:204)
	at org.openqa.selenium.remote.ErrorHandler.throwIfResponseFailed(ErrorHandler.java:156)
	at org.openqa.selenium.remote.RemoteWebDriver.execute(RemoteWebDriver.java:605)
	at org.openqa.selenium.remote.RemoteWebDriver.findElement(RemoteWebDriver.java:358)
	at org.openqa.selenium.remote.RemoteWebDriver.findElementByXPath(RemoteWebDriver.java:455)
	at org.openqa.selenium.By$ByXPath.findElement(By.java:358)
	at org.openqa.selenium.remote.RemoteWebDriver.findElement(RemoteWebDriver.java:350)
	at com.smartfocus.pageobjects.LocationPage.opencontents(LocationPage.java:199)
	at com.smartfocus.stepdefs.LocationStepDef.i_am_on_the_smartfocus_site_page(LocationStepDef.java:18)
	at ✽.Given I am on the smartfocus site page(location.feature:8)
Caused by: org.openqa.selenium.NoSuchElementException: Unable to locate element: {&quot;method&quot;:&quot;xpath&quot;,&quot;selector&quot;:&quot;.//*[@id=&apos;site-wrapper&apos;]/div/div[1]/div[2]/div/div[2]/div[3]/div[1]/div/div/div/div/div/span[3]/span/span[1]&quot;}
For documentation on this error, please visit: http://seleniumhq.org/exceptions/no_such_element.html
Build info: version: &apos;2.46.0&apos;, revision: &apos;61506a4624b13675f24581e453592342b7485d71&apos;, time: &apos;2015-06-04 10:22:50&apos;
System info: host: &apos;Iniya&apos;, ip: &apos;172.20.10.3&apos;, os.name: &apos;Windows 8.1&apos;, os.arch: &apos;amd64&apos;, os.version: &apos;6.3&apos;, java.version: &apos;1.8.0&apos;
Driver info: driver.version: unknown
	at &lt;anonymous class&gt;.FirefoxDriver.prototype.findElementInternal_(file:///C:/Users/Boothi/AppData/Local/Temp/anonymous6612213499505783381webdriver-profile/extensions/fxdriver@googlecode.com/components/driver-component.js:10299)
	at &lt;anonymous class&gt;.FirefoxDriver.prototype.findElement(file:///C:/Users/Boothi/AppData/Local/Temp/anonymous6612213499505783381webdriver-profile/extensions/fxdriver@googlecode.com/components/driver-component.js:10308)
	at &lt;anonymous class&gt;.DelayedCommand.prototype.executeInternal_/h(file:///C:/Users/Boothi/AppData/Local/Temp/anonymous6612213499505783381webdriver-profile/extensions/fxdriver@googlecode.com/components/command-processor.js:12282)
	at &lt;anonymous class&gt;.DelayedCommand.prototype.executeInternal_(file:///C:/Users/Boothi/AppData/Local/Temp/anonymous6612213499505783381webdriver-profile/extensions/fxdriver@googlecode.com/components/command-processor.js:12287)
	at &lt;anonymous class&gt;.DelayedCommand.prototype.execute/&lt;(file:///C:/Users/Boothi/AppData/Local/Temp/anonymous6612213499505783381webdriver-profile/extensions/fxdriver@googlecode.com/components/command-processor.js:12229)
</error>
    <system-out>@addnewlocation
Feature: Adding New location
  As a user
  I should be able to add a new location
  so that the screen navigates to the new location
</system-out>
  </testcase>
  <testcase classname="Scenario: Adding new location showing modal" name="Scenario: Adding new location showing modal" time="0.031">
    <error message="Unable to locate element: {&quot;method&quot;:&quot;xpath&quot;,&quot;selector&quot;:&quot;.//*[@id=&apos;site-wrapper&apos;]/div/div[1]/div[2]/div/div[2]/div[3]/div[1]/div/div/div/div/div/span[3]/span/span[1]&quot;}
Command duration or timeout: 78 milliseconds
For documentation on this error, please visit: http://seleniumhq.org/exceptions/no_such_element.html
Build info: version: &apos;2.46.0&apos;, revision: &apos;61506a4624b13675f24581e453592342b7485d71&apos;, time: &apos;2015-06-04 10:22:50&apos;
System info: host: &apos;Iniya&apos;, ip: &apos;172.20.10.3&apos;, os.name: &apos;Windows 8.1&apos;, os.arch: &apos;amd64&apos;, os.version: &apos;6.3&apos;, java.version: &apos;1.8.0&apos;
Driver info: org.openqa.selenium.firefox.FirefoxDriver
Capabilities [{applicationCacheEnabled=true, rotatable=false, handlesAlerts=true, databaseEnabled=true, version=38.0.5, platform=WINDOWS, nativeEvents=false, acceptSslCerts=true, webStorageEnabled=true, locationContextEnabled=true, browserName=firefox, takesScreenshot=true, javascriptEnabled=true, cssSelectorsEnabled=true}]
Session ID: b09ce142-e28d-4687-9d61-b85d08b557d5
*** Element info: {Using=xpath, value=.//*[@id=&apos;site-wrapper&apos;]/div/div[1]/div[2]/div/div[2]/div[3]/div[1]/div/div/div/div/div/span[3]/span/span[1]}" type="org.openqa.selenium.NoSuchElementException">org.openqa.selenium.NoSuchElementException: Unable to locate element: {&quot;method&quot;:&quot;xpath&quot;,&quot;selector&quot;:&quot;.//*[@id=&apos;site-wrapper&apos;]/div/div[1]/div[2]/div/div[2]/div[3]/div[1]/div/div/div/div/div/span[3]/span/span[1]&quot;}
Command duration or timeout: 78 milliseconds
For documentation on this error, please visit: http://seleniumhq.org/exceptions/no_such_element.html
Build info: version: &apos;2.46.0&apos;, revision: &apos;61506a4624b13675f24581e453592342b7485d71&apos;, time: &apos;2015-06-04 10:22:50&apos;
System info: host: &apos;Iniya&apos;, ip: &apos;172.20.10.3&apos;, os.name: &apos;Windows 8.1&apos;, os.arch: &apos;amd64&apos;, os.version: &apos;6.3&apos;, java.version: &apos;1.8.0&apos;
Driver info: org.openqa.selenium.firefox.FirefoxDriver
Capabilities [{applicationCacheEnabled=true, rotatable=false, handlesAlerts=true, databaseEnabled=true, version=38.0.5, platform=WINDOWS, nativeEvents=false, acceptSslCerts=true, webStorageEnabled=true, locationContextEnabled=true, browserName=firefox, takesScreenshot=true, javascriptEnabled=true, cssSelectorsEnabled=true}]
Session ID: b09ce142-e28d-4687-9d61-b85d08b557d5
*** Element info: {Using=xpath, value=.//*[@id=&apos;site-wrapper&apos;]/div/div[1]/div[2]/div/div[2]/div[3]/div[1]/div/div/div/div/div/span[3]/span/span[1]}
	at sun.reflect.NativeConstructorAccessorImpl.newInstance0(Native Method)
	at sun.reflect.NativeConstructorAccessorImpl.newInstance(NativeConstructorAccessorImpl.java:62)
	at sun.reflect.DelegatingConstructorAccessorImpl.newInstance(DelegatingConstructorAccessorImpl.java:45)
	at java.lang.reflect.Constructor.newInstance(Constructor.java:408)
	at org.openqa.selenium.remote.ErrorHandler.createThrowable(ErrorHandler.java:204)
	at org.openqa.selenium.remote.ErrorHandler.throwIfResponseFailed(ErrorHandler.java:156)
	at org.openqa.selenium.remote.RemoteWebDriver.execute(RemoteWebDriver.java:605)
	at org.openqa.selenium.remote.RemoteWebDriver.findElement(RemoteWebDriver.java:358)
	at org.openqa.selenium.remote.RemoteWebDriver.findElementByXPath(RemoteWebDriver.java:455)
	at org.openqa.selenium.By$ByXPath.findElement(By.java:358)
	at org.openqa.selenium.remote.RemoteWebDriver.findElement(RemoteWebDriver.java:350)
	at com.smartfocus.pageobjects.LocationPage.opencontents(LocationPage.java:199)
	at com.smartfocus.stepdefs.LocationStepDef.i_am_on_the_smartfocus_site_page(LocationStepDef.java:18)
	at ✽.Given I am on the smartfocus site page(location.feature:8)
Caused by: org.openqa.selenium.NoSuchElementException: Unable to locate element: {&quot;method&quot;:&quot;xpath&quot;,&quot;selector&quot;:&quot;.//*[@id=&apos;site-wrapper&apos;]/div/div[1]/div[2]/div/div[2]/div[3]/div[1]/div/div/div/div/div/span[3]/span/span[1]&quot;}
For documentation on this error, please visit: http://seleniumhq.org/exceptions/no_such_element.html
Build info: version: &apos;2.46.0&apos;, revision: &apos;61506a4624b13675f24581e453592342b7485d71&apos;, time: &apos;2015-06-04 10:22:50&apos;
System info: host: &apos;Iniya&apos;, ip: &apos;172.20.10.3&apos;, os.name: &apos;Windows 8.1&apos;, os.arch: &apos;amd64&apos;, os.version: &apos;6.3&apos;, java.version: &apos;1.8.0&apos;
Driver info: driver.version: unknown
	at &lt;anonymous class&gt;.FirefoxDriver.prototype.findElementInternal_(file:///C:/Users/Boothi/AppData/Local/Temp/anonymous6612213499505783381webdriver-profile/extensions/fxdriver@googlecode.com/components/driver-component.js:10299)
	at &lt;anonymous class&gt;.FirefoxDriver.prototype.findElement(file:///C:/Users/Boothi/AppData/Local/Temp/anonymous6612213499505783381webdriver-profile/extensions/fxdriver@googlecode.com/components/driver-component.js:10308)
	at &lt;anonymous class&gt;.DelayedCommand.prototype.executeInternal_/h(file:///C:/Users/Boothi/AppData/Local/Temp/anonymous6612213499505783381webdriver-profile/extensions/fxdriver@googlecode.com/components/command-processor.js:12282)
	at &lt;anonymous class&gt;.DelayedCommand.prototype.executeInternal_(file:///C:/Users/Boothi/AppData/Local/Temp/anonymous6612213499505783381webdriver-profile/extensions/fxdriver@googlecode.com/components/command-processor.js:12287)
	at &lt;anonymous class&gt;.DelayedCommand.prototype.execute/&lt;(file:///C:/Users/Boothi/AppData/Local/Temp/anonymous6612213499505783381webdriver-profile/extensions/fxdriver@googlecode.com/components/command-processor.js:12229)
</error>
  </testcase>
  <testcase classname="Scenario: Adding new location showing modal" name="When I click on New menu" time="0.031">
    <skipped/>
  </testcase>
  <testcase classname="Scenario: Adding new location showing modal" name="And I click on location menu item" time="0.031">
    <skipped/>
  </testcase>
  <testcase classname="Scenario: Adding new location showing modal" name="Then I should see the New location modal" time="0.031">
    <skipped/>
  </testcase>
  <testcase classname="| Automation Test-High road | 90 | Ilford High street | IG1 1YT | 10 | 20 | 51.5623078 | 0.07643529999995735 |" name="Given I am adding new location" time="0"/>
  <testcase classname="| Automation Test-High road | 90 | Ilford High street | IG1 1YT | 10 | 20 | 51.5623078 | 0.07643529999995735 |" name="When I enter Name as Automation Test-High road" time="0"/>
  <testcase classname="| Automation Test-High road | 90 | Ilford High street | IG1 1YT | 10 | 20 | 51.5623078 | 0.07643529999995735 |" name="And I enter Major as90" time="0"/>
  <testcase classname="| Automation Test-High road | 90 | Ilford High street | IG1 1YT | 10 | 20 | 51.5623078 | 0.07643529999995735 |" name="And I enter Description asIlford High street" time="0"/>
  <testcase classname="| Automation Test-High road | 90 | Ilford High street | IG1 1YT | 10 | 20 | 51.5623078 | 0.07643529999995735 |" name="When I enter postcode as IG1 1YT" time="0"/>
  <testcase classname="| Automation Test-High road | 90 | Ilford High street | IG1 1YT | 10 | 20 | 51.5623078 | 0.07643529999995735 |" name="And I select correct address from drop down list" time="0"/>
  <testcase classname="| Automation Test-High road | 90 | Ilford High street | IG1 1YT | 10 | 20 | 51.5623078 | 0.07643529999995735 |" name="And latitude and longitude should be populated as 51.5623078 and 0.07643529999995735" time="0"/>
  <testcase classname="| Automation Test-High road | 90 | Ilford High street | IG1 1YT | 10 | 20 | 51.5623078 | 0.07643529999995735 |" name="And I enter radius as 10" time="0"/>
  <testcase classname="| Automation Test-High road | 90 | Ilford High street | IG1 1YT | 10 | 20 | 51.5623078 | 0.07643529999995735 |" name="And I enter catchment area as 20" time="0"/>
  <testcase classname="| Automation Test-High road | 90 | Ilford High street | IG1 1YT | 10 | 20 | 51.5623078 | 0.07643529999995735 |" name="And I click on create button" time="0"/>
  <testcase classname="| Automation Test-High road | 90 | Ilford High street | IG1 1YT | 10 | 20 | 51.5623078 | 0.07643529999995735 |" name="Then New location should be created as Automation Test-High road" time="0"/>
  <testcase classname="| Automation Test-High road | 90 | Ilford High street | IG1 1YT | 10 | 20 | 51.5623078 | 0.07643529999995735 |" name="And screen should be navigated to new location on 51.5623078 and 0.07643529999995735" time="0"/>
  <testcase classname="| Automation Test-High road | 90 | Ilford High street | IG1 1YT | 10 | 20 | 51.5623078 | 0.07643529999995735 |" name="| Automation Test-High road | 90 | Ilford High street | IG1 1YT | 10 | 20 | 51.5623078 | 0.07643529999995735 |" time="0.001"/>
</testsuite>